[0mCompiling "resources/public/js/main.js" from ["src"]...
Compiling src/prose/core.cljs
Compiling target/figwheel_temp/dev/figwheel/connect.cljs
notifying browser that file changed:  resources/public/js/goog/deps.js
notifying browser that file changed:  resources/public/js/cljs_deps.js
notifying browser that file changed:  out/prose/core.js
[32mSuccessfully compiled "resources/public/js/main.js" in 0.331 seconds.[0m
[0mCompiling "resources/public/js/main.js" from ["src"]...
Compiling src/prose/core.cljs
Compiling target/figwheel_temp/dev/figwheel/connect.cljs
notifying browser that file changed:  out/prose/core.js
[32mSuccessfully compiled "resources/public/js/main.js" in 0.173 seconds.[0m
[0mCompiling "resources/public/js/main.js" from ["src"]...
Compiling src/prose/core.cljs
Compiling target/figwheel_temp/dev/figwheel/connect.cljs
notifying browser that file changed:  out/prose/core.js
[32mSuccessfully compiled "resources/public/js/main.js" in 0.168 seconds.[0m
[0mCompiling "resources/public/js/main.js" from ["src"]...
Compiling src/prose/core.cljs
Compiling target/figwheel_temp/dev/figwheel/connect.cljs
notifying browser that file changed:  out/prose/core.js
[32mSuccessfully compiled "resources/public/js/main.js" in 0.274 seconds.[0m
[0mCompiling "resources/public/js/main.js" from ["src"]...
Compiling src/prose/core.cljs
Compiling target/figwheel_temp/dev/figwheel/connect.cljs
notifying browser that file changed:  out/prose/core.js
[32mSuccessfully compiled "resources/public/js/main.js" in 0.168 seconds.[0m
[0mCompiling "resources/public/js/main.js" from ["src"]...
Compiling src/prose/core.cljs
Compiling target/figwheel_temp/dev/figwheel/connect.cljs
notifying browser that file changed:  out/prose/core.js
[32mSuccessfully compiled "resources/public/js/main.js" in 0.18 seconds.[0m
[0mCompiling "resources/public/js/main.js" from ["src"]...
Compiling src/prose/core.cljs
Compiling target/figwheel_temp/dev/figwheel/connect.cljs
notifying browser that file changed:  out/prose/core.js
[32mSuccessfully compiled "resources/public/js/main.js" in 0.163 seconds.[0m
[0mCompiling "resources/public/js/main.js" from ["src"]...
Compiling src/prose/core.cljs
[31mCompiling "resources/public/js/main.js" failed.
[0mERROR: Map literal must contain an even number of forms on file /Users/haywood/trash/prose/src/prose/core.cljs, line 22, column 16
[32mSuccessfully compiled "resources/public/js/main.js" in 0.111 seconds.[0m
[0mCompiling "resources/public/js/main.js" from ["src"]...
Compiling src/prose/core.cljs
Compiling target/figwheel_temp/dev/figwheel/connect.cljs
notifying browser that file changed:  out/prose/core.js
[32mSuccessfully compiled "resources/public/js/main.js" in 0.209 seconds.[0m
[0mCompiling "resources/public/js/main.js" from ["src"]...
Compiling src/prose/core.cljs
Compiling target/figwheel_temp/dev/figwheel/connect.cljs
notifying browser that file changed:  out/prose/core.js
[32mSuccessfully compiled "resources/public/js/main.js" in 0.222 seconds.[0m
[0mCompiling "resources/public/js/main.js" from ["src"]...
Compiling src/prose/core.cljs
Compiling target/figwheel_temp/dev/figwheel/connect.cljs
notifying browser that file changed:  out/prose/core.js
[32mSuccessfully compiled "resources/public/js/main.js" in 0.288 seconds.[0m
[0mCompiling "resources/public/js/main.js" from ["src"]...
Compiling src/prose/core.cljs
Compiling target/figwheel_temp/dev/figwheel/connect.cljs
notifying browser that file changed:  out/prose/core.js
[32mSuccessfully compiled "resources/public/js/main.js" in 0.172 seconds.[0m
[0mCompiling "resources/public/js/main.js" from ["src"]...
Compiling src/prose/core.cljs
Compiling target/figwheel_temp/dev/figwheel/connect.cljs
notifying browser that file changed:  out/prose/core.js
[32mSuccessfully compiled "resources/public/js/main.js" in 0.212 seconds.[0m
[0mCompiling "resources/public/js/main.js" from ["src"]...
Compiling src/prose/core.cljs
Compiling target/figwheel_temp/dev/figwheel/connect.cljs
notifying browser that file changed:  out/prose/core.js
[32mSuccessfully compiled "resources/public/js/main.js" in 0.158 seconds.[0m
[0mCompiling "resources/public/js/main.js" from ["src"]...
Compiling src/prose/core.cljs
Compiling target/figwheel_temp/dev/figwheel/connect.cljs
notifying browser that file changed:  out/prose/core.js
[32mSuccessfully compiled "resources/public/js/main.js" in 0.189 seconds.[0m
[0mCompiling "resources/public/js/main.js" from ["src"]...
Compiling src/prose/core.cljs
Compiling target/figwheel_temp/dev/figwheel/connect.cljs
notifying browser that file changed:  out/prose/core.js
[32mSuccessfully compiled "resources/public/js/main.js" in 0.178 seconds.[0m
[0mCompiling "resources/public/js/main.js" from ["src"]...
Compiling src/prose/core.cljs
WARNING: No such namespace: prose, could not locate prose.cljs, prose.cljc, or Closure namespace "" at line 29 src/prose/core.cljs
WARNING: Use of undeclared Var prose/stanzas at line 29 src/prose/core.cljs
Compiling target/figwheel_temp/dev/figwheel/connect.cljs
notifying browser that file changed:  out/prose/core.js
[32mSuccessfully compiled "resources/public/js/main.js" in 0.228 seconds.[0m
[0mCompiling "resources/public/js/main.js" from ["src"]...
Compiling src/prose/core.cljs
[31mCompiling "resources/public/js/main.js" failed.
[0mANALYSIS ERROR: Unsupported binding form: (quote prose/stanzas) at line 28 src/prose/core.cljs on file src/prose/core.cljs, line 28, column 5
[32mSuccessfully compiled "resources/public/js/main.js" in 0.11 seconds.[0m
[0mCompiling "resources/public/js/main.js" from ["src"]...
Compiling src/prose/core.cljs
Compiling target/figwheel_temp/dev/figwheel/connect.cljs
notifying browser that file changed:  out/prose/core.js
[32mSuccessfully compiled "resources/public/js/main.js" in 0.205 seconds.[0m
[0mCompiling "resources/public/js/main.js" from ["src"]...
Compiling src/prose/core.cljs
Compiling target/figwheel_temp/dev/figwheel/connect.cljs
notifying browser that file changed:  out/prose/core.js
[32mSuccessfully compiled "resources/public/js/main.js" in 0.224 seconds.[0m
[0mCompiling "resources/public/js/main.js" from ["src"]...
Compiling src/prose/core.cljs
Compiling target/figwheel_temp/dev/figwheel/connect.cljs
notifying browser that file changed:  out/prose/core.js
[32mSuccessfully compiled "resources/public/js/main.js" in 0.191 seconds.[0m
[0mCompiling "resources/public/js/main.js" from ["src"]...
Compiling src/prose/core.cljs
Compiling target/figwheel_temp/dev/figwheel/connect.cljs
notifying browser that file changed:  out/prose/core.js
[32mSuccessfully compiled "resources/public/js/main.js" in 0.216 seconds.[0m
[0mCompiling "resources/public/js/main.js" from ["src"]...
Compiling src/prose/core.cljs
Compiling target/figwheel_temp/dev/figwheel/connect.cljs
notifying browser that file changed:  out/prose/core.js
[32mSuccessfully compiled "resources/public/js/main.js" in 0.304 seconds.[0m
[0mCompiling "resources/public/js/main.js" from ["src"]...
Compiling src/prose/core.cljs
Compiling target/figwheel_temp/dev/figwheel/connect.cljs
notifying browser that file changed:  out/prose/core.js
[32mSuccessfully compiled "resources/public/js/main.js" in 0.168 seconds.[0m
[0mCompiling "resources/public/js/main.js" from ["src"]...
Compiling src/prose/core.cljs
Compiling target/figwheel_temp/dev/figwheel/connect.cljs
notifying browser that file changed:  out/prose/core.js
[32mSuccessfully compiled "resources/public/js/main.js" in 0.208 seconds.[0m
[0mCompiling "resources/public/js/main.js" from ["src"]...
Compiling src/prose/core.cljs
Compiling target/figwheel_temp/dev/figwheel/connect.cljs
notifying browser that file changed:  out/prose/core.js
[32mSuccessfully compiled "resources/public/js/main.js" in 0.174 seconds.[0m
[0mCompiling "resources/public/js/main.js" from ["src"]...
Compiling src/prose/core.cljs
Compiling target/figwheel_temp/dev/figwheel/connect.cljs
notifying browser that file changed:  out/prose/core.js
[32mSuccessfully compiled "resources/public/js/main.js" in 0.212 seconds.[0m
[0mCompiling "resources/public/js/main.js" from ["src"]...
Compiling /Users/haywood/trash/prose/src/prose/core.cljs
Compiling target/figwheel_temp/dev/figwheel/connect.cljs
notifying browser that file changed:  resources/public/js/cljs_deps.js
notifying browser that file changed:  out/prose/core.js
[32mSuccessfully compiled "resources/public/js/main.js" in 0.169 seconds.[0m
[0mCompiling "resources/public/js/main.js" from ["src"]...
Compiling /Users/haywood/trash/prose/src/prose/core.cljs
Compiling target/figwheel_temp/dev/figwheel/connect.cljs
notifying browser that file changed:  out/prose/core.js
[32mSuccessfully compiled "resources/public/js/main.js" in 0.187 seconds.[0m
[0mCompiling "resources/public/js/main.js" from ["src"]...
Compiling /Users/haywood/trash/prose/src/prose/core.cljs
WARNING: Wrong number of args (0) passed to om.next/get-query at line 16 /Users/haywood/trash/prose/src/prose/core.cljs
Compiling target/figwheel_temp/dev/figwheel/connect.cljs
notifying browser that file changed:  out/prose/core.js
[32mSuccessfully compiled "resources/public/js/main.js" in 0.449 seconds.[0m
[0mCompiling "resources/public/js/main.js" from ["src"]...
Compiling /Users/haywood/trash/prose/src/prose/core.cljs
Compiling target/figwheel_temp/dev/figwheel/connect.cljs
notifying browser that file changed:  out/prose/core.js
[32mSuccessfully compiled "resources/public/js/main.js" in 0.345 seconds.[0m
[0mCompiling "resources/public/js/main.js" from ["src"]...
Compiling /Users/haywood/trash/prose/src/prose/core.cljs
[31mCompiling "resources/public/js/main.js" failed.
[0mERROR: Map literal must contain an even number of forms on file /Users/haywood/trash/prose/src/prose/core.cljs, line 20, column 19
[32mSuccessfully compiled "resources/public/js/main.js" in 0.123 seconds.[0m
[0mCompiling "resources/public/js/main.js" from ["src"]...
Compiling /Users/haywood/trash/prose/src/prose/core.cljs
Compiling target/figwheel_temp/dev/figwheel/connect.cljs
notifying browser that file changed:  out/prose/core.js
[32mSuccessfully compiled "resources/public/js/main.js" in 0.289 seconds.[0m
[0mCompiling "resources/public/js/main.js" from ["src"]...
Compiling /Users/haywood/trash/prose/src/prose/core.cljs
Compiling target/figwheel_temp/dev/figwheel/connect.cljs
notifying browser that file changed:  out/prose/core.js
[32mSuccessfully compiled "resources/public/js/main.js" in 0.258 seconds.[0m
[0mCompiling "resources/public/js/main.js" from ["src"]...
Compiling /Users/haywood/trash/prose/src/prose/core.cljs
Compiling target/figwheel_temp/dev/figwheel/connect.cljs
notifying browser that file changed:  out/prose/core.js
[32mSuccessfully compiled "resources/public/js/main.js" in 0.181 seconds.[0m
[0mCompiling "resources/public/js/main.js" from ["src"]...
Compiling /Users/haywood/trash/prose/src/prose/core.cljs
Compiling target/figwheel_temp/dev/figwheel/connect.cljs
notifying browser that file changed:  out/prose/core.js
[32mSuccessfully compiled "resources/public/js/main.js" in 0.213 seconds.[0m
[0mCompiling "resources/public/js/main.js" from ["src"]...
Compiling /Users/haywood/trash/prose/src/prose/core.cljs
Compiling target/figwheel_temp/dev/figwheel/connect.cljs
notifying browser that file changed:  out/prose/core.js
[32mSuccessfully compiled "resources/public/js/main.js" in 0.204 seconds.[0m
[0mCompiling "resources/public/js/main.js" from ["src"]...
Compiling /Users/haywood/trash/prose/src/prose/core.cljs
Compiling target/figwheel_temp/dev/figwheel/connect.cljs
notifying browser that file changed:  out/prose/core.js
[32mSuccessfully compiled "resources/public/js/main.js" in 0.228 seconds.[0m
[0mCompiling "resources/public/js/main.js" from ["src"]...
Compiling /Users/haywood/trash/prose/src/prose/core.cljs
Compiling target/figwheel_temp/dev/figwheel/connect.cljs
notifying browser that file changed:  out/prose/core.js
[32mSuccessfully compiled "resources/public/js/main.js" in 0.179 seconds.[0m
[0mCompiling "resources/public/js/main.js" from ["src"]...
Compiling /Users/haywood/trash/prose/src/prose/core.cljs
Compiling target/figwheel_temp/dev/figwheel/connect.cljs
notifying browser that file changed:  out/prose/core.js
[32mSuccessfully compiled "resources/public/js/main.js" in 0.203 seconds.[0m
[0mCompiling "resources/public/js/main.js" from ["src"]...
Compiling /Users/haywood/trash/prose/src/prose/core.cljs
Compiling target/figwheel_temp/dev/figwheel/connect.cljs
notifying browser that file changed:  out/prose/core.js
[32mSuccessfully compiled "resources/public/js/main.js" in 0.238 seconds.[0m
[0mCompiling "resources/public/js/main.js" from ["src"]...
Compiling /Users/haywood/trash/prose/src/prose/core.cljs
Compiling target/figwheel_temp/dev/figwheel/connect.cljs
notifying browser that file changed:  out/prose/core.js
[32mSuccessfully compiled "resources/public/js/main.js" in 0.18 seconds.[0m
[0mCompiling "resources/public/js/main.js" from ["src"]...
Compiling /Users/haywood/trash/prose/src/prose/core.cljs
Compiling target/figwheel_temp/dev/figwheel/connect.cljs
notifying browser that file changed:  out/prose/core.js
[32mSuccessfully compiled "resources/public/js/main.js" in 0.186 seconds.[0m
[0mCompiling "resources/public/js/main.js" from ["src"]...
Compiling /Users/haywood/trash/prose/src/prose/core.cljs
Compiling target/figwheel_temp/dev/figwheel/connect.cljs
notifying browser that file changed:  out/prose/core.js
[32mSuccessfully compiled "resources/public/js/main.js" in 0.268 seconds.[0m
[0mCompiling "resources/public/js/main.js" from ["src"]...
Compiling /Users/haywood/trash/prose/src/prose/core.cljs
Compiling target/figwheel_temp/dev/figwheel/connect.cljs
notifying browser that file changed:  out/prose/core.js
[32mSuccessfully compiled "resources/public/js/main.js" in 0.196 seconds.[0m
[0mCompiling "resources/public/js/main.js" from ["src"]...
Compiling /Users/haywood/trash/prose/src/prose/core.cljs
[31mCompiling "resources/public/js/main.js" failed.
[0mANALYSIS ERROR: Parameter declaration get-nested-val should be a vector at line 69 /Users/haywood/trash/prose/src/prose/core.cljs on file /Users/haywood/trash/prose/src/prose/core.cljs, line 69, column 1
[32mSuccessfully compiled "resources/public/js/main.js" in 0.126 seconds.[0m
[0mCompiling "resources/public/js/main.js" from ["src"]...
Compiling /Users/haywood/trash/prose/src/prose/core.cljs
[31mCompiling "resources/public/js/main.js" failed.
[0mANALYSIS ERROR: Parameter declaration get-nested-val should be a vector at line 70 /Users/haywood/trash/prose/src/prose/core.cljs on file /Users/haywood/trash/prose/src/prose/core.cljs, line 70, column 1
[32mSuccessfully compiled "resources/public/js/main.js" in 0.134 seconds.[0m
[0mCompiling "resources/public/js/main.js" from ["src"]...
Compiling /Users/haywood/trash/prose/src/prose/core.cljs
[31mCompiling "resources/public/js/main.js" failed.
[0mANALYSIS ERROR: Parameter declaration get-nested-val should be a vector at line 69 /Users/haywood/trash/prose/src/prose/core.cljs on file /Users/haywood/trash/prose/src/prose/core.cljs, line 69, column 1
[32mSuccessfully compiled "resources/public/js/main.js" in 0.163 seconds.[0m
[0mCompiling "resources/public/js/main.js" from ["src"]...
Compiling /Users/haywood/trash/prose/src/prose/core.cljs
[31mCompiling "resources/public/js/main.js" failed.
[0mANALYSIS ERROR: Parameter declaration partial should be a vector at line 69 /Users/haywood/trash/prose/src/prose/core.cljs on file /Users/haywood/trash/prose/src/prose/core.cljs, line 69, column 1
[32mSuccessfully compiled "resources/public/js/main.js" in 0.354 seconds.[0m
[0mCompiling "resources/public/js/main.js" from ["src"]...
Compiling /Users/haywood/trash/prose/src/prose/core.cljs
WARNING: Wrong number of args (1) passed to prose.core/get-nested-val at line 69 /Users/haywood/trash/prose/src/prose/core.cljs
Compiling target/figwheel_temp/dev/figwheel/connect.cljs
notifying browser that file changed:  out/prose/core.js
[32mSuccessfully compiled "resources/public/js/main.js" in 0.25 seconds.[0m
[0mCompiling "resources/public/js/main.js" from ["src"]...
Compiling /Users/haywood/trash/prose/src/prose/core.cljs
Compiling target/figwheel_temp/dev/figwheel/connect.cljs
notifying browser that file changed:  out/prose/core.js
[32mSuccessfully compiled "resources/public/js/main.js" in 0.261 seconds.[0m
[0mCompiling "resources/public/js/main.js" from ["src"]...
Compiling /Users/haywood/trash/prose/src/prose/core.cljs
Compiling target/figwheel_temp/dev/figwheel/connect.cljs
notifying browser that file changed:  out/prose/core.js
[32mSuccessfully compiled "resources/public/js/main.js" in 0.203 seconds.[0m
[0mCompiling "resources/public/js/main.js" from ["src"]...
Compiling /Users/haywood/trash/prose/src/prose/core.cljs
Compiling target/figwheel_temp/dev/figwheel/connect.cljs
notifying browser that file changed:  out/prose/core.js
[32mSuccessfully compiled "resources/public/js/main.js" in 0.182 seconds.[0m
[0mCompiling "resources/public/js/main.js" from ["src"]...
Compiling /Users/haywood/trash/prose/src/prose/core.cljs
WARNING: Use of undeclared Var prose.core/path at line 73 /Users/haywood/trash/prose/src/prose/core.cljs
Compiling target/figwheel_temp/dev/figwheel/connect.cljs
notifying browser that file changed:  out/prose/core.js
[32mSuccessfully compiled "resources/public/js/main.js" in 0.219 seconds.[0m
[0mCompiling "resources/public/js/main.js" from ["src"]...
Compiling /Users/haywood/trash/prose/src/prose/core.cljs
Compiling target/figwheel_temp/dev/figwheel/connect.cljs
notifying browser that file changed:  out/prose/core.js
[32mSuccessfully compiled "resources/public/js/main.js" in 0.215 seconds.[0m
[0mCompiling "resources/public/js/main.js" from ["src"]...
Compiling /Users/haywood/trash/prose/src/prose/core.cljs
Compiling target/figwheel_temp/dev/figwheel/connect.cljs
notifying browser that file changed:  out/prose/core.js
[32mSuccessfully compiled "resources/public/js/main.js" in 0.189 seconds.[0m
[0mCompiling "resources/public/js/main.js" from ["src"]...
Compiling /Users/haywood/trash/prose/src/prose/core.cljs
Compiling target/figwheel_temp/dev/figwheel/connect.cljs
notifying browser that file changed:  out/prose/core.js
[32mSuccessfully compiled "resources/public/js/main.js" in 0.177 seconds.[0m
[0mCompiling "resources/public/js/main.js" from ["src"]...
Compiling /Users/haywood/trash/prose/src/prose/core.cljs
Compiling target/figwheel_temp/dev/figwheel/connect.cljs
notifying browser that file changed:  out/prose/core.js
[32mSuccessfully compiled "resources/public/js/main.js" in 0.177 seconds.[0m
[0mCompiling "resources/public/js/main.js" from ["src"]...
Compiling /Users/haywood/trash/prose/src/prose/core.cljs
Compiling target/figwheel_temp/dev/figwheel/connect.cljs
notifying browser that file changed:  out/prose/core.js
[32mSuccessfully compiled "resources/public/js/main.js" in 0.177 seconds.[0m
[0mCompiling "resources/public/js/main.js" from ["src"]...
Compiling /Users/haywood/trash/prose/src/prose/core.cljs
Compiling target/figwheel_temp/dev/figwheel/connect.cljs
notifying browser that file changed:  out/prose/core.js
[32mSuccessfully compiled "resources/public/js/main.js" in 0.18 seconds.[0m
[0mCompiling "resources/public/js/main.js" from ["src"]...
Compiling /Users/haywood/trash/prose/src/prose/core.cljs
Compiling target/figwheel_temp/dev/figwheel/connect.cljs
notifying browser that file changed:  out/prose/core.js
[32mSuccessfully compiled "resources/public/js/main.js" in 0.225 seconds.[0m
[0mCompiling "resources/public/js/main.js" from ["src"]...
Compiling /Users/haywood/trash/prose/src/prose/core.cljs
Compiling target/figwheel_temp/dev/figwheel/connect.cljs
notifying browser that file changed:  out/prose/core.js
[32mSuccessfully compiled "resources/public/js/main.js" in 0.172 seconds.[0m
[0mCompiling "resources/public/js/main.js" from ["src"]...
Compiling /Users/haywood/trash/prose/src/prose/core.cljs
Compiling target/figwheel_temp/dev/figwheel/connect.cljs
notifying browser that file changed:  out/prose/core.js
[32mSuccessfully compiled "resources/public/js/main.js" in 0.165 seconds.[0m
[0mCompiling "resources/public/js/main.js" from ["src"]...
Compiling /Users/haywood/trash/prose/src/prose/core.cljs
Compiling target/figwheel_temp/dev/figwheel/connect.cljs
notifying browser that file changed:  out/prose/core.js
[32mSuccessfully compiled "resources/public/js/main.js" in 0.176 seconds.[0m
[0mCompiling "resources/public/js/main.js" from ["src"]...
Compiling /Users/haywood/trash/prose/src/prose/core.cljs
Compiling target/figwheel_temp/dev/figwheel/connect.cljs
notifying browser that file changed:  out/prose/core.js
[32mSuccessfully compiled "resources/public/js/main.js" in 0.17 seconds.[0m
[0mCompiling "resources/public/js/main.js" from ["src"]...
Compiling /Users/haywood/trash/prose/src/prose/core.cljs
Compiling target/figwheel_temp/dev/figwheel/connect.cljs
notifying browser that file changed:  out/prose/core.js
[32mSuccessfully compiled "resources/public/js/main.js" in 0.182 seconds.[0m
[0mCompiling "resources/public/js/main.js" from ["src"]...
Compiling /Users/haywood/trash/prose/src/prose/core.cljs
Compiling target/figwheel_temp/dev/figwheel/connect.cljs
notifying browser that file changed:  out/prose/core.js
[32mSuccessfully compiled "resources/public/js/main.js" in 0.195 seconds.[0m
[0mCompiling "resources/public/js/main.js" from ["src"]...
Compiling /Users/haywood/trash/prose/src/prose/core.cljs
[31mCompiling "resources/public/js/main.js" failed.
[0mANALYSIS ERROR: let requires an even number of forms in binding vector at line 68 /Users/haywood/trash/prose/src/prose/core.cljs on file /Users/haywood/trash/prose/src/prose/core.cljs, line 68, column 3
[32mSuccessfully compiled "resources/public/js/main.js" in 0.142 seconds.[0m
[0mCompiling "resources/public/js/main.js" from ["src"]...
Compiling /Users/haywood/trash/prose/src/prose/core.cljs
WARNING: Use of undeclared Var prose.core/st at line 62 /Users/haywood/trash/prose/src/prose/core.cljs
Compiling target/figwheel_temp/dev/figwheel/connect.cljs
notifying browser that file changed:  out/prose/core.js
[32mSuccessfully compiled "resources/public/js/main.js" in 0.229 seconds.[0m
[0mCompiling "resources/public/js/main.js" from ["src"]...
Compiling /Users/haywood/trash/prose/src/prose/core.cljs
Compiling target/figwheel_temp/dev/figwheel/connect.cljs
notifying browser that file changed:  out/prose/core.js
[32mSuccessfully compiled "resources/public/js/main.js" in 0.166 seconds.[0m
[0mCompiling "resources/public/js/main.js" from ["src"]...
Compiling /Users/haywood/trash/prose/src/prose/core.cljs
Compiling target/figwheel_temp/dev/figwheel/connect.cljs
notifying browser that file changed:  out/prose/core.js
[32mSuccessfully compiled "resources/public/js/main.js" in 0.191 seconds.[0m
[0mCompiling "resources/public/js/main.js" from ["src"]...
Compiling /Users/haywood/trash/prose/src/prose/core.cljs
Compiling target/figwheel_temp/dev/figwheel/connect.cljs
notifying browser that file changed:  out/prose/core.js
[32mSuccessfully compiled "resources/public/js/main.js" in 0.171 seconds.[0m
[0mCompiling "resources/public/js/main.js" from ["src"]...
Compiling /Users/haywood/trash/prose/src/prose/core.cljs
Compiling target/figwheel_temp/dev/figwheel/connect.cljs
notifying browser that file changed:  out/prose/core.js
[32mSuccessfully compiled "resources/public/js/main.js" in 0.173 seconds.[0m
[0mCompiling "resources/public/js/main.js" from ["src"]...
Compiling /Users/haywood/trash/prose/src/prose/core.cljs
Compiling target/figwheel_temp/dev/figwheel/connect.cljs
notifying browser that file changed:  out/prose/core.js
[32mSuccessfully compiled "resources/public/js/main.js" in 0.172 seconds.[0m
[0mCompiling "resources/public/js/main.js" from ["src"]...
Compiling /Users/haywood/trash/prose/src/prose/core.cljs
Compiling target/figwheel_temp/dev/figwheel/connect.cljs
notifying browser that file changed:  out/prose/core.js
[32mSuccessfully compiled "resources/public/js/main.js" in 0.172 seconds.[0m
[0mCompiling "resources/public/js/main.js" from ["src"]...
Compiling /Users/haywood/trash/prose/src/prose/core.cljs
Compiling target/figwheel_temp/dev/figwheel/connect.cljs
notifying browser that file changed:  out/prose/core.js
[32mSuccessfully compiled "resources/public/js/main.js" in 0.18 seconds.[0m
[0mCompiling "resources/public/js/main.js" from ["src"]...
Compiling /Users/haywood/trash/prose/src/prose/core.cljs
Compiling target/figwheel_temp/dev/figwheel/connect.cljs
notifying browser that file changed:  out/prose/core.js
[32mSuccessfully compiled "resources/public/js/main.js" in 0.172 seconds.[0m
[0mCompiling "resources/public/js/main.js" from ["src"]...
Compiling /Users/haywood/trash/prose/src/prose/core.cljs
Compiling target/figwheel_temp/dev/figwheel/connect.cljs
notifying browser that file changed:  out/prose/core.js
[32mSuccessfully compiled "resources/public/js/main.js" in 0.181 seconds.[0m
[0mCompiling "resources/public/js/main.js" from ["src"]...
Compiling /Users/haywood/trash/prose/src/prose/core.cljs
Compiling target/figwheel_temp/dev/figwheel/connect.cljs
notifying browser that file changed:  out/prose/core.js
[32mSuccessfully compiled "resources/public/js/main.js" in 0.163 seconds.[0m
[0mCompiling "resources/public/js/main.js" from ["src"]...
Compiling /Users/haywood/trash/prose/src/prose/core.cljs
Compiling target/figwheel_temp/dev/figwheel/connect.cljs
notifying browser that file changed:  out/prose/core.js
[32mSuccessfully compiled "resources/public/js/main.js" in 0.186 seconds.[0m
[0mCompiling "resources/public/js/main.js" from ["src"]...
Compiling /Users/haywood/trash/prose/src/prose/core.cljs
[31mCompiling "resources/public/js/main.js" failed.
[0mANALYSIS ERROR: let requires an even number of forms in binding vector at line 70 /Users/haywood/trash/prose/src/prose/core.cljs on file /Users/haywood/trash/prose/src/prose/core.cljs, line 70, column 3
[32mSuccessfully compiled "resources/public/js/main.js" in 0.121 seconds.[0m
[0mCompiling "resources/public/js/main.js" from ["src"]...
Compiling /Users/haywood/trash/prose/src/prose/core.cljs
[31mCompiling "resources/public/js/main.js" failed.
[0mANALYSIS ERROR: let requires an even number of forms in binding vector at line 70 /Users/haywood/trash/prose/src/prose/core.cljs on file /Users/haywood/trash/prose/src/prose/core.cljs, line 70, column 3
[32mSuccessfully compiled "resources/public/js/main.js" in 0.125 seconds.[0m
[0mCompiling "resources/public/js/main.js" from ["src"]...
Compiling /Users/haywood/trash/prose/src/prose/core.cljs
Compiling target/figwheel_temp/dev/figwheel/connect.cljs
notifying browser that file changed:  out/prose/core.js
[32mSuccessfully compiled "resources/public/js/main.js" in 0.172 seconds.[0m
[0mCompiling "resources/public/js/main.js" from ["src"]...
Compiling /Users/haywood/trash/prose/src/prose/core.cljs
Compiling target/figwheel_temp/dev/figwheel/connect.cljs
notifying browser that file changed:  out/prose/core.js
[32mSuccessfully compiled "resources/public/js/main.js" in 0.18 seconds.[0m
[0mCompiling "resources/public/js/main.js" from ["src"]...
Compiling /Users/haywood/trash/prose/src/prose/core.cljs
Compiling target/figwheel_temp/dev/figwheel/connect.cljs
notifying browser that file changed:  out/prose/core.js
[32mSuccessfully compiled "resources/public/js/main.js" in 0.176 seconds.[0m
[0mCompiling "resources/public/js/main.js" from ["src"]...
Compiling /Users/haywood/trash/prose/src/prose/core.cljs
Compiling target/figwheel_temp/dev/figwheel/connect.cljs
notifying browser that file changed:  out/prose/core.js
[32mSuccessfully compiled "resources/public/js/main.js" in 0.279 seconds.[0m
[0mCompiling "resources/public/js/main.js" from ["src"]...
Compiling /Users/haywood/trash/prose/src/prose/core.cljs
Compiling target/figwheel_temp/dev/figwheel/connect.cljs
notifying browser that file changed:  out/prose/core.js
[32mSuccessfully compiled "resources/public/js/main.js" in 0.163 seconds.[0m
[0mCompiling "resources/public/js/main.js" from ["src"]...
Compiling /Users/haywood/trash/prose/src/prose/core.cljs
Compiling target/figwheel_temp/dev/figwheel/connect.cljs
notifying browser that file changed:  out/prose/core.js
[32mSuccessfully compiled "resources/public/js/main.js" in 0.167 seconds.[0m
[0mCompiling "resources/public/js/main.js" from ["src"]...
Compiling /Users/haywood/trash/prose/src/prose/core.cljs
Compiling target/figwheel_temp/dev/figwheel/connect.cljs
notifying browser that file changed:  out/prose/core.js
[32mSuccessfully compiled "resources/public/js/main.js" in 0.207 seconds.[0m
[0mCompiling "resources/public/js/main.js" from ["src"]...
[31mCompiling "resources/public/js/main.js" failed.
[0mjava.lang.AssertionError: No ns form found in src/prose/state.cljs
 at cljs.analyzer$parse_ns$fn__2111.invoke (analyzer.cljc:2731)
    cljs.analyzer$parse_ns.invoke (analyzer.cljc:2682)
    cljs.analyzer$parse_ns.invoke (analyzer.cljc:2673)
    cljs.compiler$find_source.invoke (compiler.cljc:1389)
    clojure.core$map$fn__4553.invoke (core.clj:2624)
    clojure.lang.LazySeq.sval (LazySeq.java:40)
    clojure.lang.LazySeq.seq (LazySeq.java:49)
    clojure.lang.Cons.next (Cons.java:39)
    clojure.lang.RT.next (RT.java:674)
    clojure.core/next (core.clj:64)
    clojure.core$reduce1.invoke (core.clj:909)
    clojure.core$set.invoke (core.clj:3960)
    cljs.closure$add_dependency_sources.invoke (closure.clj:731)
    cljs.closure$build.invoke (closure.clj:1807)
    cljs.build.api$build.invoke (api.clj:207)
    figwheel_sidecar.components.cljs_autobuild$cljs_build.invoke (cljs_autobuild.clj:22)
    figwheel_sidecar.build_middleware.injection$hook$fn__15856.invoke (injection.clj:139)
    figwheel_sidecar.build_middleware.notifications$hook$fn__16183.invoke (notifications.clj:187)
    figwheel_sidecar.build_middleware.clj_reloading$hook$fn__16259.invoke (clj_reloading.clj:115)
    figwheel_sidecar.build_middleware.javascript_reloading$hook$fn__16305.invoke (javascript_reloading.clj:60)
    figwheel_sidecar.components.cljs_autobuild$eval16320$figwheel_start_and_end_messages__16323$fn__16325.invoke (cljs_autobuild.clj:45)
    figwheel_sidecar.components.cljs_autobuild.CLJSAutobuild$fn__16350$fn__16351.invoke (cljs_autobuild.clj:137)
    figwheel_sidecar.utils$sync_exec$fn__12232$fn__12233.invoke (utils.clj:13)
    figwheel_sidecar.utils$sync_exec$fn__12232.invoke (utils.clj:12)
    clojure.core$binding_conveyor_fn$fn__4444.invoke (core.clj:1919)
    clojure.lang.AFn.applyToHelper (AFn.java:154)
    clojure.lang.RestFn.applyTo (RestFn.java:132)
    clojure.lang.Agent$Action.doRun (Agent.java:114)
    clojure.lang.Agent$Action.run (Agent.java:163)
    java.util.concurrent.ThreadPoolExecutor.runWorker (ThreadPoolExecutor.java:1142)
[32mSuccessfully compiled "resources/public/js/main.js" in 0.022 seconds.[0m
[0mCompiling "resources/public/js/main.js" from ["src"]...
[31mCompiling "resources/public/js/main.js" failed.
[0mjava.lang.AssertionError: No ns form found in src/prose/reconciler.cljs
 at cljs.analyzer$parse_ns$fn__2111.invoke (analyzer.cljc:2731)
    cljs.analyzer$parse_ns.invoke (analyzer.cljc:2682)
    cljs.analyzer$parse_ns.invoke (analyzer.cljc:2673)
    cljs.compiler$find_source.invoke (compiler.cljc:1389)
    clojure.core$map$fn__4553.invoke (core.clj:2624)
    clojure.lang.LazySeq.sval (LazySeq.java:40)
    clojure.lang.LazySeq.seq (LazySeq.java:49)
    clojure.lang.Cons.next (Cons.java:39)
    clojure.lang.RT.next (RT.java:674)
    clojure.core/next (core.clj:64)
    clojure.core$reduce1.invoke (core.clj:909)
    clojure.core$set.invoke (core.clj:3960)
    cljs.closure$add_dependency_sources.invoke (closure.clj:731)
    cljs.closure$build.invoke (closure.clj:1807)
    cljs.build.api$build.invoke (api.clj:207)
    figwheel_sidecar.components.cljs_autobuild$cljs_build.invoke (cljs_autobuild.clj:22)
    figwheel_sidecar.build_middleware.injection$hook$fn__15856.invoke (injection.clj:139)
    figwheel_sidecar.build_middleware.notifications$hook$fn__16183.invoke (notifications.clj:187)
    figwheel_sidecar.build_middleware.clj_reloading$hook$fn__16259.invoke (clj_reloading.clj:115)
    figwheel_sidecar.build_middleware.javascript_reloading$hook$fn__16305.invoke (javascript_reloading.clj:60)
    figwheel_sidecar.components.cljs_autobuild$eval16320$figwheel_start_and_end_messages__16323$fn__16325.invoke (cljs_autobuild.clj:45)
    figwheel_sidecar.components.cljs_autobuild.CLJSAutobuild$fn__16350$fn__16351.invoke (cljs_autobuild.clj:137)
    figwheel_sidecar.utils$sync_exec$fn__12232$fn__12233.invoke (utils.clj:13)
    figwheel_sidecar.utils$sync_exec$fn__12232.invoke (utils.clj:12)
    clojure.core$binding_conveyor_fn$fn__4444.invoke (core.clj:1919)
    clojure.lang.AFn.applyToHelper (AFn.java:154)
    clojure.lang.RestFn.applyTo (RestFn.java:132)
    clojure.lang.Agent$Action.doRun (Agent.java:114)
    clojure.lang.Agent$Action.run (Agent.java:163)
    java.util.concurrent.ThreadPoolExecutor.runWorker (ThreadPoolExecutor.java:1142)
[32mSuccessfully compiled "resources/public/js/main.js" in 0.02 seconds.[0m
[0mCompiling "resources/public/js/main.js" from ["src"]...
[31mCompiling "resources/public/js/main.js" failed.
[0mjava.lang.AssertionError: No ns form found in src/prose/reconciler.cljs
 at cljs.analyzer$parse_ns$fn__2111.invoke (analyzer.cljc:2731)
    cljs.analyzer$parse_ns.invoke (analyzer.cljc:2682)
    cljs.analyzer$parse_ns.invoke (analyzer.cljc:2673)
    cljs.compiler$find_source.invoke (compiler.cljc:1389)
    clojure.core$map$fn__4553.invoke (core.clj:2624)
    clojure.lang.LazySeq.sval (LazySeq.java:40)
    clojure.lang.LazySeq.seq (LazySeq.java:49)
    clojure.lang.Cons.next (Cons.java:39)
    clojure.lang.RT.next (RT.java:674)
    clojure.core/next (core.clj:64)
    clojure.core$reduce1.invoke (core.clj:909)
    clojure.core$set.invoke (core.clj:3960)
    cljs.closure$add_dependency_sources.invoke (closure.clj:731)
    cljs.closure$build.invoke (closure.clj:1807)
    cljs.build.api$build.invoke (api.clj:207)
    figwheel_sidecar.components.cljs_autobuild$cljs_build.invoke (cljs_autobuild.clj:22)
    figwheel_sidecar.build_middleware.injection$hook$fn__15856.invoke (injection.clj:139)
    figwheel_sidecar.build_middleware.notifications$hook$fn__16183.invoke (notifications.clj:187)
    figwheel_sidecar.build_middleware.clj_reloading$hook$fn__16259.invoke (clj_reloading.clj:115)
    figwheel_sidecar.build_middleware.javascript_reloading$hook$fn__16305.invoke (javascript_reloading.clj:60)
    figwheel_sidecar.components.cljs_autobuild$eval16320$figwheel_start_and_end_messages__16323$fn__16325.invoke (cljs_autobuild.clj:45)
    figwheel_sidecar.components.cljs_autobuild.CLJSAutobuild$fn__16350$fn__16351.invoke (cljs_autobuild.clj:137)
    figwheel_sidecar.utils$sync_exec$fn__12232$fn__12233.invoke (utils.clj:13)
    figwheel_sidecar.utils$sync_exec$fn__12232.invoke (utils.clj:12)
    clojure.core$binding_conveyor_fn$fn__4444.invoke (core.clj:1919)
    clojure.lang.AFn.applyToHelper (AFn.java:154)
    clojure.lang.RestFn.applyTo (RestFn.java:132)
    clojure.lang.Agent$Action.doRun (Agent.java:114)
    clojure.lang.Agent$Action.run (Agent.java:163)
    java.util.concurrent.ThreadPoolExecutor.runWorker (ThreadPoolExecutor.java:1142)
[32mSuccessfully compiled "resources/public/js/main.js" in 0.024 seconds.[0m
[0mCompiling "resources/public/js/main.js" from ["src"]...
[31mCompiling "resources/public/js/main.js" failed.
[0mjava.lang.AssertionError: No ns form found in src/prose/reconciler.cljs
 at cljs.analyzer$parse_ns$fn__2111.invoke (analyzer.cljc:2731)
    cljs.analyzer$parse_ns.invoke (analyzer.cljc:2682)
    cljs.analyzer$parse_ns.invoke (analyzer.cljc:2673)
    cljs.compiler$find_source.invoke (compiler.cljc:1389)
    clojure.core$map$fn__4553.invoke (core.clj:2624)
    clojure.lang.LazySeq.sval (LazySeq.java:40)
    clojure.lang.LazySeq.seq (LazySeq.java:49)
    clojure.lang.Cons.next (Cons.java:39)
    clojure.lang.RT.next (RT.java:674)
    clojure.core/next (core.clj:64)
    clojure.core$reduce1.invoke (core.clj:909)
    clojure.core$set.invoke (core.clj:3960)
    cljs.closure$add_dependency_sources.invoke (closure.clj:731)
    cljs.closure$build.invoke (closure.clj:1807)
    cljs.build.api$build.invoke (api.clj:207)
    figwheel_sidecar.components.cljs_autobuild$cljs_build.invoke (cljs_autobuild.clj:22)
    figwheel_sidecar.build_middleware.injection$hook$fn__15856.invoke (injection.clj:139)
    figwheel_sidecar.build_middleware.notifications$hook$fn__16183.invoke (notifications.clj:187)
    figwheel_sidecar.build_middleware.clj_reloading$hook$fn__16259.invoke (clj_reloading.clj:115)
    figwheel_sidecar.build_middleware.javascript_reloading$hook$fn__16305.invoke (javascript_reloading.clj:60)
    figwheel_sidecar.components.cljs_autobuild$eval16320$figwheel_start_and_end_messages__16323$fn__16325.invoke (cljs_autobuild.clj:45)
    figwheel_sidecar.components.cljs_autobuild.CLJSAutobuild$fn__16350$fn__16351.invoke (cljs_autobuild.clj:137)
    figwheel_sidecar.utils$sync_exec$fn__12232$fn__12233.invoke (utils.clj:13)
    figwheel_sidecar.utils$sync_exec$fn__12232.invoke (utils.clj:12)
    clojure.core$binding_conveyor_fn$fn__4444.invoke (core.clj:1919)
    clojure.lang.AFn.applyToHelper (AFn.java:154)
    clojure.lang.RestFn.applyTo (RestFn.java:132)
    clojure.lang.Agent$Action.doRun (Agent.java:114)
    clojure.lang.Agent$Action.run (Agent.java:163)
    java.util.concurrent.ThreadPoolExecutor.runWorker (ThreadPoolExecutor.java:1142)
[32mSuccessfully compiled "resources/public/js/main.js" in 0.021 seconds.[0m
[0mCompiling "resources/public/js/main.js" from ["src"]...
[31mCompiling "resources/public/js/main.js" failed.
[0mjava.lang.AssertionError: No ns form found in src/prose/reconciler.cljs
 at cljs.analyzer$parse_ns$fn__2111.invoke (analyzer.cljc:2731)
    cljs.analyzer$parse_ns.invoke (analyzer.cljc:2682)
    cljs.analyzer$parse_ns.invoke (analyzer.cljc:2673)
    cljs.compiler$find_source.invoke (compiler.cljc:1389)
    clojure.core$map$fn__4553.invoke (core.clj:2624)
    clojure.lang.LazySeq.sval (LazySeq.java:40)
    clojure.lang.LazySeq.seq (LazySeq.java:49)
    clojure.lang.Cons.next (Cons.java:39)
    clojure.lang.RT.next (RT.java:674)
    clojure.core/next (core.clj:64)
    clojure.core$reduce1.invoke (core.clj:909)
    clojure.core$set.invoke (core.clj:3960)
    cljs.closure$add_dependency_sources.invoke (closure.clj:731)
    cljs.closure$build.invoke (closure.clj:1807)
    cljs.build.api$build.invoke (api.clj:207)
    figwheel_sidecar.components.cljs_autobuild$cljs_build.invoke (cljs_autobuild.clj:22)
    figwheel_sidecar.build_middleware.injection$hook$fn__15856.invoke (injection.clj:139)
    figwheel_sidecar.build_middleware.notifications$hook$fn__16183.invoke (notifications.clj:187)
    figwheel_sidecar.build_middleware.clj_reloading$hook$fn__16259.invoke (clj_reloading.clj:115)
    figwheel_sidecar.build_middleware.javascript_reloading$hook$fn__16305.invoke (javascript_reloading.clj:60)
    figwheel_sidecar.components.cljs_autobuild$eval16320$figwheel_start_and_end_messages__16323$fn__16325.invoke (cljs_autobuild.clj:45)
    figwheel_sidecar.components.cljs_autobuild.CLJSAutobuild$fn__16350$fn__16351.invoke (cljs_autobuild.clj:137)
    figwheel_sidecar.utils$sync_exec$fn__12232$fn__12233.invoke (utils.clj:13)
    figwheel_sidecar.utils$sync_exec$fn__12232.invoke (utils.clj:12)
    clojure.core$binding_conveyor_fn$fn__4444.invoke (core.clj:1919)
    clojure.lang.AFn.applyToHelper (AFn.java:154)
    clojure.lang.RestFn.applyTo (RestFn.java:132)
    clojure.lang.Agent$Action.doRun (Agent.java:114)
    clojure.lang.Agent$Action.run (Agent.java:163)
    java.util.concurrent.ThreadPoolExecutor.runWorker (ThreadPoolExecutor.java:1142)
[32mSuccessfully compiled "resources/public/js/main.js" in 0.019 seconds.[0m
[0mCompiling "resources/public/js/main.js" from ["src"]...
Compiling /Users/haywood/trash/prose/src/prose/core.cljs
WARNING: Use of undeclared Var prose.core/reconciler at line 55 /Users/haywood/trash/prose/src/prose/core.cljs
Compiling src/prose/reconciler.cljs
WARNING: Use of undeclared Var prose.reconciler/state at line 14 src/prose/reconciler.cljs
Compiling target/figwheel_temp/dev/figwheel/connect.cljs
Compiling src/prose/state.cljs
notifying browser that file changed:  resources/public/js/cljs_deps.js
notifying browser that file changed:  out/prose/reconciler.js
[32mSuccessfully compiled "resources/public/js/main.js" in 0.282 seconds.[0m
[0mCompiling "resources/public/js/main.js" from ["src"]...
Compiling /Users/haywood/trash/prose/src/prose/core.cljs
Compiling target/figwheel_temp/dev/figwheel/connect.cljs
notifying browser that file changed:  resources/public/js/cljs_deps.js
notifying browser that file changed:  out/prose/core.js
[32mSuccessfully compiled "resources/public/js/main.js" in 0.23 seconds.[0m
[0mCompiling "resources/public/js/main.js" from ["src"]...
Compiling /Users/haywood/trash/prose/src/prose/reconciler.cljs
Compiling /Users/haywood/trash/prose/src/prose/core.cljs
Compiling target/figwheel_temp/dev/figwheel/connect.cljs
notifying browser that file changed:  resources/public/js/cljs_deps.js
notifying browser that file changed:  out/prose/reconciler.js
[32mSuccessfully compiled "resources/public/js/main.js" in 0.175 seconds.[0m
[0mCompiling "resources/public/js/main.js" from ["src"]...
Compiling /Users/haywood/trash/prose/src/prose/reconciler.cljs
Compiling /Users/haywood/trash/prose/src/prose/core.cljs
Compiling target/figwheel_temp/dev/figwheel/connect.cljs
notifying browser that file changed:  out/prose/reconciler.js
[32mSuccessfully compiled "resources/public/js/main.js" in 0.212 seconds.[0m
[0mCompiling "resources/public/js/main.js" from ["src"]...
Compiling /Users/haywood/trash/prose/src/prose/core.cljs
Compiling target/figwheel_temp/dev/figwheel/connect.cljs
notifying browser that file changed:  out/prose/core.js
[32mSuccessfully compiled "resources/public/js/main.js" in 0.174 seconds.[0m
[0mCompiling "resources/public/js/main.js" from ["src"]...
Compiling /Users/haywood/trash/prose/src/prose/core.cljs
Compiling target/figwheel_temp/dev/figwheel/connect.cljs
notifying browser that file changed:  out/prose/core.js
[32mSuccessfully compiled "resources/public/js/main.js" in 0.188 seconds.[0m
[0mCompiling "resources/public/js/main.js" from ["src"]...
Compiling /Users/haywood/trash/prose/src/prose/state.cljs
Compiling /Users/haywood/trash/prose/src/prose/reconciler.cljs
Compiling /Users/haywood/trash/prose/src/prose/core.cljs
Compiling target/figwheel_temp/dev/figwheel/connect.cljs
notifying browser that file changed:  out/prose/state.js
[32mSuccessfully compiled "resources/public/js/main.js" in 0.468 seconds.[0m
[0mCompiling "resources/public/js/main.js" from ["src"]...
Compiling /Users/haywood/trash/prose/src/prose/core.cljs
Compiling target/figwheel_temp/dev/figwheel/connect.cljs
notifying browser that file changed:  out/prose/core.js
[32mSuccessfully compiled "resources/public/js/main.js" in 0.304 seconds.[0m
[0mCompiling "resources/public/js/main.js" from ["src"]...
Compiling /Users/haywood/trash/prose/src/prose/state.cljs
Compiling /Users/haywood/trash/prose/src/prose/reconciler.cljs
Compiling /Users/haywood/trash/prose/src/prose/core.cljs
Compiling target/figwheel_temp/dev/figwheel/connect.cljs
notifying browser that file changed:  out/prose/state.js
[32mSuccessfully compiled "resources/public/js/main.js" in 0.192 seconds.[0m
[0mCompiling "resources/public/js/main.js" from ["src"]...
Compiling /Users/haywood/trash/prose/src/prose/core.cljs
Compiling target/figwheel_temp/dev/figwheel/connect.cljs
notifying browser that file changed:  out/prose/core.js
[32mSuccessfully compiled "resources/public/js/main.js" in 0.202 seconds.[0m
[0mCompiling "resources/public/js/main.js" from ["src"]...
Compiling /Users/haywood/trash/prose/src/prose/core.cljs
Compiling target/figwheel_temp/dev/figwheel/connect.cljs
notifying browser that file changed:  out/prose/core.js
[32mSuccessfully compiled "resources/public/js/main.js" in 0.191 seconds.[0m
[0mCompiling "resources/public/js/main.js" from ["src"]...
Compiling /Users/haywood/trash/prose/src/prose/state.cljs
Compiling /Users/haywood/trash/prose/src/prose/reconciler.cljs
Compiling /Users/haywood/trash/prose/src/prose/core.cljs
Compiling target/figwheel_temp/dev/figwheel/connect.cljs
notifying browser that file changed:  out/prose/state.js
[32mSuccessfully compiled "resources/public/js/main.js" in 0.247 seconds.[0m
[0mCompiling "resources/public/js/main.js" from ["src"]...
Compiling /Users/haywood/trash/prose/src/prose/core.cljs
Compiling target/figwheel_temp/dev/figwheel/connect.cljs
notifying browser that file changed:  out/prose/core.js
[32mSuccessfully compiled "resources/public/js/main.js" in 0.201 seconds.[0m
[0mCompiling "resources/public/js/main.js" from ["src"]...
Compiling /Users/haywood/trash/prose/src/prose/core.cljs
Compiling target/figwheel_temp/dev/figwheel/connect.cljs
notifying browser that file changed:  out/prose/core.js
[32mSuccessfully compiled "resources/public/js/main.js" in 0.186 seconds.[0m
[0mCompiling "resources/public/js/main.js" from ["src"]...
Compiling /Users/haywood/trash/prose/src/prose/core.cljs
Compiling target/figwheel_temp/dev/figwheel/connect.cljs
notifying browser that file changed:  out/prose/core.js
[32mSuccessfully compiled "resources/public/js/main.js" in 0.19 seconds.[0m
[0mCompiling "resources/public/js/main.js" from ["src"]...
Compiling /Users/haywood/trash/prose/src/prose/core.cljs
Compiling target/figwheel_temp/dev/figwheel/connect.cljs
notifying browser that file changed:  out/prose/core.js
[32mSuccessfully compiled "resources/public/js/main.js" in 0.185 seconds.[0m
[0mCompiling "resources/public/js/main.js" from ["src"]...
Compiling /Users/haywood/trash/prose/src/prose/core.cljs
Compiling target/figwheel_temp/dev/figwheel/connect.cljs
notifying browser that file changed:  out/prose/core.js
[32mSuccessfully compiled "resources/public/js/main.js" in 0.197 seconds.[0m
[0mCompiling "resources/public/js/main.js" from ["src"]...
Compiling /Users/haywood/trash/prose/src/prose/core.cljs
WARNING: Wrong number of args (1) passed to prose.core/LineInput at line 66 /Users/haywood/trash/prose/src/prose/core.cljs
Compiling target/figwheel_temp/dev/figwheel/connect.cljs
notifying browser that file changed:  out/prose/core.js
[32mSuccessfully compiled "resources/public/js/main.js" in 0.251 seconds.[0m
[0mCompiling "resources/public/js/main.js" from ["src"]...
Compiling /Users/haywood/trash/prose/src/prose/core.cljs
WARNING: Use of undeclared Var prose.core/LineInput at line 36 /Users/haywood/trash/prose/src/prose/core.cljs
Compiling target/figwheel_temp/dev/figwheel/connect.cljs
notifying browser that file changed:  out/prose/core.js
[32mSuccessfully compiled "resources/public/js/main.js" in 0.265 seconds.[0m
[0mCompiling "resources/public/js/main.js" from ["src"]...
Compiling /Users/haywood/trash/prose/src/prose/core.cljs
Compiling target/figwheel_temp/dev/figwheel/connect.cljs
notifying browser that file changed:  out/prose/core.js
[32mSuccessfully compiled "resources/public/js/main.js" in 0.204 seconds.[0m
[0mCompiling "resources/public/js/main.js" from ["src"]...
Compiling /Users/haywood/trash/prose/src/prose/core.cljs
Compiling target/figwheel_temp/dev/figwheel/connect.cljs
notifying browser that file changed:  out/prose/core.js
[32mSuccessfully compiled "resources/public/js/main.js" in 0.181 seconds.[0m
[0mCompiling "resources/public/js/main.js" from ["src"]...
Compiling /Users/haywood/trash/prose/src/prose/core.cljs
Compiling target/figwheel_temp/dev/figwheel/connect.cljs
notifying browser that file changed:  out/prose/core.js
[32mSuccessfully compiled "resources/public/js/main.js" in 0.174 seconds.[0m
[0mCompiling "resources/public/js/main.js" from ["src"]...
Compiling /Users/haywood/trash/prose/src/prose/reconciler.cljs
Compiling /Users/haywood/trash/prose/src/prose/core.cljs
Compiling target/figwheel_temp/dev/figwheel/connect.cljs
notifying browser that file changed:  out/prose/reconciler.js
[32mSuccessfully compiled "resources/public/js/main.js" in 0.186 seconds.[0m
[0mCompiling "resources/public/js/main.js" from ["src"]...
Compiling /Users/haywood/trash/prose/src/prose/core.cljs
Compiling target/figwheel_temp/dev/figwheel/connect.cljs
notifying browser that file changed:  out/prose/core.js
[32mSuccessfully compiled "resources/public/js/main.js" in 0.183 seconds.[0m
[0mCompiling "resources/public/js/main.js" from ["src"]...
Compiling /Users/haywood/trash/prose/src/prose/core.cljs
Compiling target/figwheel_temp/dev/figwheel/connect.cljs
notifying browser that file changed:  out/prose/core.js
[32mSuccessfully compiled "resources/public/js/main.js" in 0.213 seconds.[0m
[0mCompiling "resources/public/js/main.js" from ["src"]...
Compiling /Users/haywood/trash/prose/src/prose/core.cljs
Compiling target/figwheel_temp/dev/figwheel/connect.cljs
notifying browser that file changed:  out/prose/core.js
[32mSuccessfully compiled "resources/public/js/main.js" in 0.186 seconds.[0m
[0mCompiling "resources/public/js/main.js" from ["src"]...
Compiling /Users/haywood/trash/prose/src/prose/core.cljs
Compiling target/figwheel_temp/dev/figwheel/connect.cljs
notifying browser that file changed:  out/prose/core.js
[32mSuccessfully compiled "resources/public/js/main.js" in 0.271 seconds.[0m
[0mCompiling "resources/public/js/main.js" from ["src"]...
Compiling /Users/haywood/trash/prose/src/prose/core.cljs
Compiling target/figwheel_temp/dev/figwheel/connect.cljs
notifying browser that file changed:  out/prose/core.js
[32mSuccessfully compiled "resources/public/js/main.js" in 0.489 seconds.[0m
[0mCompiling "resources/public/js/main.js" from ["src"]...
Compiling /Users/haywood/trash/prose/src/prose/core.cljs
Compiling target/figwheel_temp/dev/figwheel/connect.cljs
notifying browser that file changed:  out/prose/core.js
[32mSuccessfully compiled "resources/public/js/main.js" in 0.182 seconds.[0m
[0mCompiling "resources/public/js/main.js" from ["src"]...
Compiling /Users/haywood/trash/prose/src/prose/core.cljs
Compiling target/figwheel_temp/dev/figwheel/connect.cljs
notifying browser that file changed:  out/prose/core.js
[32mSuccessfully compiled "resources/public/js/main.js" in 0.181 seconds.[0m
[0mCompiling "resources/public/js/main.js" from ["src"]...
Compiling /Users/haywood/trash/prose/src/prose/core.cljs
Compiling target/figwheel_temp/dev/figwheel/connect.cljs
notifying browser that file changed:  out/prose/core.js
[32mSuccessfully compiled "resources/public/js/main.js" in 0.18 seconds.[0m
[0mCompiling "resources/public/js/main.js" from ["src"]...
Compiling /Users/haywood/trash/prose/src/prose/core.cljs
Compiling target/figwheel_temp/dev/figwheel/connect.cljs
notifying browser that file changed:  out/prose/core.js
[32mSuccessfully compiled "resources/public/js/main.js" in 0.179 seconds.[0m
[0mCompiling "resources/public/js/main.js" from ["src"]...
Compiling /Users/haywood/trash/prose/src/prose/core.cljs
Compiling target/figwheel_temp/dev/figwheel/connect.cljs
notifying browser that file changed:  out/prose/core.js
[32mSuccessfully compiled "resources/public/js/main.js" in 0.193 seconds.[0m
[0mCompiling "resources/public/js/main.js" from ["src"]...
Compiling /Users/haywood/trash/prose/src/prose/core.cljs
[31mCompiling "resources/public/js/main.js" failed.
[0mERROR: Map literal must contain an even number of forms on file /Users/haywood/trash/prose/src/prose/core.cljs, line 60, column 18
[32mSuccessfully compiled "resources/public/js/main.js" in 0.163 seconds.[0m
[0mCompiling "resources/public/js/main.js" from ["src"]...
Compiling /Users/haywood/trash/prose/src/prose/core.cljs
Compiling target/figwheel_temp/dev/figwheel/connect.cljs
notifying browser that file changed:  out/prose/core.js
[32mSuccessfully compiled "resources/public/js/main.js" in 0.2 seconds.[0m
[0mCompiling "resources/public/js/main.js" from ["src"]...
Compiling /Users/haywood/trash/prose/src/prose/core.cljs
WARNING: Wrong number of args (1) passed to prose.core/Line-Input at line 77 /Users/haywood/trash/prose/src/prose/core.cljs
Compiling target/figwheel_temp/dev/figwheel/connect.cljs
notifying browser that file changed:  out/prose/core.js
[32mSuccessfully compiled "resources/public/js/main.js" in 0.237 seconds.[0m
[0mCompiling "resources/public/js/main.js" from ["src"]...
Compiling /Users/haywood/trash/prose/src/prose/core.cljs
Compiling target/figwheel_temp/dev/figwheel/connect.cljs
notifying browser that file changed:  out/prose/core.js
[32mSuccessfully compiled "resources/public/js/main.js" in 0.187 seconds.[0m
[0mCompiling "resources/public/js/main.js" from ["src"]...
Compiling /Users/haywood/trash/prose/src/prose/core.cljs
Compiling target/figwheel_temp/dev/figwheel/connect.cljs
notifying browser that file changed:  out/prose/core.js
[32mSuccessfully compiled "resources/public/js/main.js" in 0.182 seconds.[0m
[0mCompiling "resources/public/js/main.js" from ["src"]...
Compiling /Users/haywood/trash/prose/src/prose/core.cljs
Compiling target/figwheel_temp/dev/figwheel/connect.cljs
notifying browser that file changed:  out/prose/core.js
[32mSuccessfully compiled "resources/public/js/main.js" in 0.188 seconds.[0m
[0mCompiling "resources/public/js/main.js" from ["src"]...
Compiling /Users/haywood/trash/prose/src/prose/core.cljs
Compiling target/figwheel_temp/dev/figwheel/connect.cljs
notifying browser that file changed:  out/prose/core.js
[32mSuccessfully compiled "resources/public/js/main.js" in 0.179 seconds.[0m
[0mCompiling "resources/public/js/main.js" from ["src"]...
Compiling /Users/haywood/trash/prose/src/prose/state.cljs
Compiling /Users/haywood/trash/prose/src/prose/reconciler.cljs
Compiling /Users/haywood/trash/prose/src/prose/core.cljs
Compiling target/figwheel_temp/dev/figwheel/connect.cljs
notifying browser that file changed:  out/prose/state.js
[32mSuccessfully compiled "resources/public/js/main.js" in 0.21 seconds.[0m
[0mCompiling "resources/public/js/main.js" from ["src"]...
Compiling /Users/haywood/trash/prose/src/prose/state.cljs
Compiling /Users/haywood/trash/prose/src/prose/reconciler.cljs
Compiling /Users/haywood/trash/prose/src/prose/core.cljs
Compiling target/figwheel_temp/dev/figwheel/connect.cljs
notifying browser that file changed:  out/prose/state.js
[32mSuccessfully compiled "resources/public/js/main.js" in 0.193 seconds.[0m
[0mCompiling "resources/public/js/main.js" from ["src"]...
Compiling /Users/haywood/trash/prose/src/prose/core.cljs
WARNING: Use of undeclared Var prose.core/props at line 74 /Users/haywood/trash/prose/src/prose/core.cljs
Compiling target/figwheel_temp/dev/figwheel/connect.cljs
notifying browser that file changed:  out/prose/core.js
[32mSuccessfully compiled "resources/public/js/main.js" in 0.335 seconds.[0m
[0mCompiling "resources/public/js/main.js" from ["src"]...
Compiling /Users/haywood/trash/prose/src/prose/core.cljs
Compiling target/figwheel_temp/dev/figwheel/connect.cljs
notifying browser that file changed:  out/prose/core.js
[32mSuccessfully compiled "resources/public/js/main.js" in 0.187 seconds.[0m
[0mCompiling "resources/public/js/main.js" from ["src"]...
Compiling /Users/haywood/trash/prose/src/prose/core.cljs
Compiling target/figwheel_temp/dev/figwheel/connect.cljs
notifying browser that file changed:  out/prose/core.js
[32mSuccessfully compiled "resources/public/js/main.js" in 0.218 seconds.[0m
[0mCompiling "resources/public/js/main.js" from ["src"]...
Compiling /Users/haywood/trash/prose/src/prose/core.cljs
Compiling target/figwheel_temp/dev/figwheel/connect.cljs
notifying browser that file changed:  resources/public/js/goog/deps.js
notifying browser that file changed:  resources/public/js/cljs_deps.js
notifying browser that file changed:  out/prose/core.js
[32mSuccessfully compiled "resources/public/js/main.js" in 0.762 seconds.[0m
[0mCompiling "resources/public/js/main.js" from ["src"]...
Compiling /Users/haywood/trash/prose/src/prose/core.cljs
Compiling target/figwheel_temp/dev/figwheel/connect.cljs
notifying browser that file changed:  out/prose/core.js
[32mSuccessfully compiled "resources/public/js/main.js" in 0.472 seconds.[0m
[0mCompiling "resources/public/js/main.js" from ["src"]...
Compiling /Users/haywood/trash/prose/src/prose/core.cljs
Compiling target/figwheel_temp/dev/figwheel/connect.cljs
notifying browser that file changed:  out/prose/core.js
[32mSuccessfully compiled "resources/public/js/main.js" in 0.423 seconds.[0m
[0mCompiling "resources/public/js/main.js" from ["src"]...
Compiling /Users/haywood/trash/prose/src/prose/core.cljs
Compiling target/figwheel_temp/dev/figwheel/connect.cljs
notifying browser that file changed:  out/prose/core.js
[32mSuccessfully compiled "resources/public/js/main.js" in 0.434 seconds.[0m
[0mCompiling "resources/public/js/main.js" from ["src"]...
Compiling /Users/haywood/trash/prose/src/prose/core.cljs
Compiling target/figwheel_temp/dev/figwheel/connect.cljs
notifying browser that file changed:  out/prose/core.js
[32mSuccessfully compiled "resources/public/js/main.js" in 0.399 seconds.[0m
[0mCompiling "resources/public/js/main.js" from ["src"]...
Compiling /Users/haywood/trash/prose/src/prose/core.cljs
Compiling target/figwheel_temp/dev/figwheel/connect.cljs
notifying browser that file changed:  out/prose/core.js
[32mSuccessfully compiled "resources/public/js/main.js" in 0.358 seconds.[0m
[0mCompiling "resources/public/js/main.js" from ["src"]...
Compiling /Users/haywood/trash/prose/src/prose/core.cljs
WARNING: Wrong number of args (1) passed to prose.core/Line-Input at line 68 /Users/haywood/trash/prose/src/prose/core.cljs
Compiling target/figwheel_temp/dev/figwheel/connect.cljs
notifying browser that file changed:  out/prose/core.js
[32mSuccessfully compiled "resources/public/js/main.js" in 0.379 seconds.[0m
[0mCompiling "resources/public/js/main.js" from ["src"]...
Compiling /Users/haywood/trash/prose/src/prose/core.cljs
Compiling target/figwheel_temp/dev/figwheel/connect.cljs
notifying browser that file changed:  out/prose/core.js
[32mSuccessfully compiled "resources/public/js/main.js" in 0.27 seconds.[0m
[0mCompiling "resources/public/js/main.js" from ["src"]...
Compiling /Users/haywood/trash/prose/src/prose/core.cljs
Compiling target/figwheel_temp/dev/figwheel/connect.cljs
notifying browser that file changed:  out/prose/core.js
[32mSuccessfully compiled "resources/public/js/main.js" in 0.283 seconds.[0m
[0mCompiling "resources/public/js/main.js" from ["src"]...
Compiling /Users/haywood/trash/prose/src/prose/core.cljs
Compiling target/figwheel_temp/dev/figwheel/connect.cljs
notifying browser that file changed:  out/prose/core.js
[32mSuccessfully compiled "resources/public/js/main.js" in 0.278 seconds.[0m
[0mCompiling "resources/public/js/main.js" from ["src"]...
Compiling /Users/haywood/trash/prose/src/prose/state.cljs
Compiling /Users/haywood/trash/prose/src/prose/reconciler.cljs
Compiling /Users/haywood/trash/prose/src/prose/core.cljs
Compiling target/figwheel_temp/dev/figwheel/connect.cljs
notifying browser that file changed:  out/prose/state.js
[32mSuccessfully compiled "resources/public/js/main.js" in 0.25 seconds.[0m
[0mCompiling "resources/public/js/main.js" from ["src"]...
Compiling /Users/haywood/trash/prose/src/prose/core.cljs
Compiling target/figwheel_temp/dev/figwheel/connect.cljs
notifying browser that file changed:  out/prose/core.js
[32mSuccessfully compiled "resources/public/js/main.js" in 0.249 seconds.[0m
[0mCompiling "resources/public/js/main.js" from ["src"]...
Compiling /Users/haywood/trash/prose/src/prose/core.cljs
Compiling target/figwheel_temp/dev/figwheel/connect.cljs
notifying browser that file changed:  out/prose/core.js
[32mSuccessfully compiled "resources/public/js/main.js" in 0.315 seconds.[0m
[0mCompiling "resources/public/js/main.js" from ["src"]...
Compiling /Users/haywood/trash/prose/src/prose/core.cljs
Compiling target/figwheel_temp/dev/figwheel/connect.cljs
notifying browser that file changed:  out/prose/core.js
[32mSuccessfully compiled "resources/public/js/main.js" in 0.223 seconds.[0m
[0mCompiling "resources/public/js/main.js" from ["src"]...
Compiling /Users/haywood/trash/prose/src/prose/core.cljs
Compiling target/figwheel_temp/dev/figwheel/connect.cljs
notifying browser that file changed:  out/prose/core.js
[32mSuccessfully compiled "resources/public/js/main.js" in 0.218 seconds.[0m
[0mCompiling "resources/public/js/main.js" from ["src"]...
Compiling /Users/haywood/trash/prose/src/prose/core.cljs
Compiling target/figwheel_temp/dev/figwheel/connect.cljs
notifying browser that file changed:  out/prose/core.js
[32mSuccessfully compiled "resources/public/js/main.js" in 0.231 seconds.[0m
[0mCompiling "resources/public/js/main.js" from ["src"]...
Compiling /Users/haywood/trash/prose/src/prose/core.cljs
Compiling target/figwheel_temp/dev/figwheel/connect.cljs
notifying browser that file changed:  out/prose/core.js
[32mSuccessfully compiled "resources/public/js/main.js" in 0.228 seconds.[0m
[0mCompiling "resources/public/js/main.js" from ["src"]...
Compiling /Users/haywood/trash/prose/src/prose/core.cljs
Compiling target/figwheel_temp/dev/figwheel/connect.cljs
notifying browser that file changed:  out/prose/core.js
[32mSuccessfully compiled "resources/public/js/main.js" in 0.245 seconds.[0m
[0mCompiling "resources/public/js/main.js" from ["src"]...
Compiling /Users/haywood/trash/prose/src/prose/state.cljs
Compiling /Users/haywood/trash/prose/src/prose/reconciler.cljs
Compiling /Users/haywood/trash/prose/src/prose/core.cljs
Compiling target/figwheel_temp/dev/figwheel/connect.cljs
notifying browser that file changed:  out/prose/state.js
[32mSuccessfully compiled "resources/public/js/main.js" in 0.257 seconds.[0m
[0mCompiling "resources/public/js/main.js" from ["src"]...
Compiling /Users/haywood/trash/prose/src/prose/core.cljs
WARNING: Use of undeclared Var prose.core/title at line 33 /Users/haywood/trash/prose/src/prose/core.cljs
Compiling target/figwheel_temp/dev/figwheel/connect.cljs
notifying browser that file changed:  out/prose/core.js
[32mSuccessfully compiled "resources/public/js/main.js" in 0.295 seconds.[0m
[0mCompiling "resources/public/js/main.js" from ["src"]...
Compiling /Users/haywood/trash/prose/src/prose/core.cljs
Compiling target/figwheel_temp/dev/figwheel/connect.cljs
notifying browser that file changed:  out/prose/core.js
[32mSuccessfully compiled "resources/public/js/main.js" in 0.239 seconds.[0m
